  CurlUtilsWrap.cpp
C:\Users\contractor1\Documents\EADataGrabber\EADataGrabber\CurlUtilsWrap.hpp(4,10): error C1083: Cannot open include file: 'include/curl/curl.h': No such file or directory
  (compiling source file 'CurlUtilsWrap.cpp')
  
  EADataGrabber.cpp
C:\Users\contractor1\Documents\EADataGrabber\EADataGrabber\CurlUtilsWrap.hpp(4,10): error C1083: Cannot open include file: 'include/curl/curl.h': No such file or directory
  (compiling source file 'EADataGrabber.cpp')
  
  WinUtilsWrap.cpp
C:\Program Files\Microsoft Visual Studio\2022\Community\VC\Tools\MSVC\14.44.35207\include\xutility(4813,18): warning C4244: '=': conversion from 'wchar_t' to 'char', possible loss of data
  (compiling source file 'WinUtilsWrap.cpp')
      C:\Program Files\Microsoft Visual Studio\2022\Community\VC\Tools\MSVC\14.44.35207\include\xutility(4813,18):
      the template instantiation context (the oldest one first) is
          C:\Users\contractor1\Documents\EADataGrabber\EADataGrabber\WinUtilsWrap.cpp(81,24):
          see reference to function template instantiation 'std::basic_string<char,std::char_traits<char>,std::allocator<char>>::basic_string<std::_String_iterator<std::_String_val<std::_Simple_types<_Elem>>>,0>(_Iter,_Iter,const _Alloc &)' being compiled
          with
          [
              _Elem=wchar_t,
              _Iter=std::_String_iterator<std::_String_val<std::_Simple_types<wchar_t>>>,
              _Alloc=std::allocator<char>
          ]
              C:\Users\contractor1\Documents\EADataGrabber\EADataGrabber\WinUtilsWrap.cpp(81,24):
              see the first reference to 'std::basic_string<char,std::char_traits<char>,std::allocator<char>>::basic_string' in 'getDownloadsFolderPath'
          C:\Program Files\Microsoft Visual Studio\2022\Community\VC\Tools\MSVC\14.44.35207\include\xstring(812,17):
          see reference to function template instantiation 'void std::basic_string<char,std::char_traits<char>,std::allocator<char>>::_Construct_from_iter<wchar_t*,wchar_t*,_Size_type>(_Iter,const _Sent,_Size)' being compiled
          with
          [
              _Size_type=unsigned __int64,
              _Iter=wchar_t *,
              _Sent=wchar_t *,
              _Size=unsigned __int64
          ]
          C:\Program Files\Microsoft Visual Studio\2022\Community\VC\Tools\MSVC\14.44.35207\include\xstring(968,18):
          see reference to function template instantiation '_OutIt *std::_Copy_n_unchecked4<wchar_t*,_Size,char*>(_InIt,_SizeTy,_OutIt)' being compiled
          with
          [
              _OutIt=char *,
              _Size=unsigned __int64,
              _InIt=wchar_t *,
              _SizeTy=unsigned __int64
          ]
  
  XMLUtils.cpp
C:\Users\contractor1\Documents\EADataGrabber\EADataGrabber\CurlUtilsWrap.hpp(4,10): error C1083: Cannot open include file: 'include/curl/curl.h': No such file or directory
  (compiling source file 'XMLUtils.cpp')
  
  Generating Code...
